This is pdfTeX, Version 3.141592653-2.6-1.40.24 (MiKTeX 22.1) (preloaded format=pdflatex 2022.3.11)  29 APR 2022 15:40
entering extended mode
 \write18 enabled.
 %&-line parsing enabled.
**./main.tex
(main.tex
LaTeX2e <2021-11-15> patch level 1
L3 programming layer <2022-02-24>
(C:\Users\napie\AppData\Local\Programs\MiKTeX\tex/latex/base\report.cls
Document Class: report 2021/10/04 v1.4n Standard LaTeX document class
(C:\Users\napie\AppData\Local\Programs\MiKTeX\tex/latex/base\size11.clo
File: size11.clo 2021/10/04 v1.4n Standard LaTeX file (size option)
)
\c@part=\count185
\c@chapter=\count186
\c@section=\count187
\c@subsection=\count188
\c@subsubsection=\count189
\c@paragraph=\count190
\c@subparagraph=\count191
\c@figure=\count192
\c@table=\count193
\abovecaptionskip=\skip47
\belowcaptionskip=\skip48
\bibindent=\dimen138
)
(preamble.tex
(C:\Users\napie\AppData\Local\Programs\MiKTeX\tex/latex/graphics\graphicx.sty
Package: graphicx 2021/09/16 v1.2d Enhanced LaTeX Graphics (DPC,SPQR)

(C:\Users\napie\AppData\Local\Programs\MiKTeX\tex/latex/graphics\keyval.sty
Package: keyval 2014/10/28 v1.15 key=value parser (DPC)
\KV@toks@=\toks16
)
(C:\Users\napie\AppData\Local\Programs\MiKTeX\tex/latex/graphics\graphics.sty
Package: graphics 2021/03/04 v1.4d Standard LaTeX Graphics (DPC,SPQR)

(C:\Users\napie\AppData\Local\Programs\MiKTeX\tex/latex/graphics\trig.sty
Package: trig 2021/08/11 v1.11 sin cos tan (DPC)
)
(C:\Users\napie\AppData\Local\Programs\MiKTeX\tex/latex/graphics-cfg\graphics.c
fg
File: graphics.cfg 2016/06/04 v1.11 sample graphics configuration
)
Package graphics Info: Driver file: pdftex.def on input line 107.

(C:\Users\napie\AppData\Local\Programs\MiKTeX\tex/latex/graphics-def\pdftex.def
File: pdftex.def 2020/10/05 v1.2a Graphics/color driver for pdftex
))
\Gin@req@height=\dimen139
\Gin@req@width=\dimen140
) (C:\Users\napie\AppData\Local\Programs\MiKTeX\tex/latex/amsmath\amsmath.sty
Package: amsmath 2021/10/15 v2.17l AMS math features
\@mathmargin=\skip49
For additional information on amsmath, use the `?' option.
(C:\Users\napie\AppData\Local\Programs\MiKTeX\tex/latex/amsmath\amstext.sty
Package: amstext 2021/08/26 v2.01 AMS text

(C:\Users\napie\AppData\Local\Programs\MiKTeX\tex/latex/amsmath\amsgen.sty
File: amsgen.sty 1999/11/30 v2.0 generic functions
\@emptytoks=\toks17
\ex@=\dimen141
))
(C:\Users\napie\AppData\Local\Programs\MiKTeX\tex/latex/amsmath\amsbsy.sty
Package: amsbsy 1999/11/29 v1.2d Bold Symbols
\pmbraise@=\dimen142
)
(C:\Users\napie\AppData\Local\Programs\MiKTeX\tex/latex/amsmath\amsopn.sty
Package: amsopn 2021/08/26 v2.02 operator names
)
\inf@bad=\count194
LaTeX Info: Redefining \frac on input line 234.
\uproot@=\count195
\leftroot@=\count196
LaTeX Info: Redefining \overline on input line 399.
\classnum@=\count197
\DOTSCASE@=\count198
LaTeX Info: Redefining \ldots on input line 496.
LaTeX Info: Redefining \dots on input line 499.
LaTeX Info: Redefining \cdots on input line 620.
\Mathstrutbox@=\box50
\strutbox@=\box51
\big@size=\dimen143
LaTeX Font Info:    Redeclaring font encoding OML on input line 743.
LaTeX Font Info:    Redeclaring font encoding OMS on input line 744.
\macc@depth=\count199
\c@MaxMatrixCols=\count266
\dotsspace@=\muskip16
\c@parentequation=\count267
\dspbrk@lvl=\count268
\tag@help=\toks18
\row@=\count269
\column@=\count270
\maxfields@=\count271
\andhelp@=\toks19
\eqnshift@=\dimen144
\alignsep@=\dimen145
\tagshift@=\dimen146
\tagwidth@=\dimen147
\totwidth@=\dimen148
\lineht@=\dimen149
\@envbody=\toks20
\multlinegap=\skip50
\multlinetaggap=\skip51
\mathdisplay@stack=\toks21
LaTeX Info: Redefining \[ on input line 2938.
LaTeX Info: Redefining \] on input line 2939.
)
(C:\Users\napie\AppData\Local\Programs\MiKTeX\tex/latex/amsfonts\amssymb.sty
Package: amssymb 2013/01/14 v3.01 AMS font symbols

(C:\Users\napie\AppData\Local\Programs\MiKTeX\tex/latex/amsfonts\amsfonts.sty
Package: amsfonts 2013/01/14 v3.01 Basic AMSFonts support
\symAMSa=\mathgroup4
\symAMSb=\mathgroup5
LaTeX Font Info:    Redeclaring math symbol \hbar on input line 98.
LaTeX Font Info:    Overwriting math alphabet `\mathfrak' in version `bold'
(Font)                  U/euf/m/n --> U/euf/b/n on input line 106.
))
(C:\Users\napie\AppData\Local\Programs\MiKTeX\tex/latex/mathtools\mathtools.sty
Package: mathtools 2022/02/07 v1.28a mathematical typesetting tools
(C:\Users\napie\AppData\Local\Programs\MiKTeX\tex/latex/tools\calc.sty
Package: calc 2017/05/25 v4.3 Infix arithmetic (KKT,FJ)
\calc@Acount=\count272
\calc@Bcount=\count273
\calc@Adimen=\dimen150
\calc@Bdimen=\dimen151
\calc@Askip=\skip52
\calc@Bskip=\skip53
LaTeX Info: Redefining \setlength on input line 80.
LaTeX Info: Redefining \addtolength on input line 81.
\calc@Ccount=\count274
\calc@Cskip=\skip54
)
(C:\Users\napie\AppData\Local\Programs\MiKTeX\tex/latex/mathtools\mhsetup.sty
Package: mhsetup 2021/03/18 v1.4 programming setup (MH)
)
\g_MT_multlinerow_int=\count275
\l_MT_multwidth_dim=\dimen152
\origjot=\skip55
\l_MT_shortvdotswithinadjustabove_dim=\dimen153
\l_MT_shortvdotswithinadjustbelow_dim=\dimen154
\l_MT_above_intertext_sep=\dimen155
\l_MT_below_intertext_sep=\dimen156
\l_MT_above_shortintertext_sep=\dimen157
\l_MT_below_shortintertext_sep=\dimen158
\xmathstrut@box=\box52
\xmathstrut@dim=\dimen159
) (C:\Users\napie\AppData\Local\Programs\MiKTeX\tex/latex/tools\bm.sty
Package: bm 2021/04/25 v1.2e Bold Symbol Support (DPC/FMi)
\symboldoperators=\mathgroup6
\symboldletters=\mathgroup7
\symboldsymbols=\mathgroup8
Package bm Info: No bold for \OMX/cmex/m/n, using \pmb.
Package bm Info: No bold for \U/msa/m/n, using \pmb.
Package bm Info: No bold for \U/msb/m/n, using \pmb.
LaTeX Font Info:    Redeclaring math alphabet \mathbf on input line 149.
)
(C:\Users\napie\AppData\Local\Programs\MiKTeX\tex/latex/siunitx\siunitx.sty
Package: siunitx 2022-02-15 v3.0.49 A comprehensive (SI) units package
\l__siunitx_angle_tmp_dim=\dimen160
\l__siunitx_angle_marker_box=\box53
\l__siunitx_angle_unit_box=\box54
\l__siunitx_compound_count_int=\count276

(C:\Users\napie\AppData\Local\Programs\MiKTeX\tex/latex/translations\translatio
ns.sty
Package: translations 2022/02/05 v1.12 internationalization of LaTeX2e packages
 (CN)

(C:\Users\napie\AppData\Local\Programs\MiKTeX\tex/latex/etoolbox\etoolbox.sty
Package: etoolbox 2020/10/05 v2.5k e-TeX tools for LaTeX (JAW)
\etb@tempcnta=\count277
)
(C:\Users\napie\AppData\Local\Programs\MiKTeX\tex/generic/pdftexcmds\pdftexcmds
.sty
Package: pdftexcmds 2020-06-27 v0.33 Utility functions of pdfTeX for LuaTeX (HO
)

(C:\Users\napie\AppData\Local\Programs\MiKTeX\tex/generic/infwarerr\infwarerr.s
ty
Package: infwarerr 2019/12/03 v1.5 Providing info/warning/error messages (HO)
) (C:\Users\napie\AppData\Local\Programs\MiKTeX\tex/generic/iftex\iftex.sty
Package: iftex 2022/02/03 v1.0f TeX engine tests
)
(C:\Users\napie\AppData\Local\Programs\MiKTeX\tex/generic/ltxcmds\ltxcmds.sty
Package: ltxcmds 2020-05-10 v1.25 LaTeX kernel commands for general use (HO)
)
Package pdftexcmds Info: \pdf@primitive is available.
Package pdftexcmds Info: \pdf@ifprimitive is available.
Package pdftexcmds Info: \pdfdraftmode found.
))
\l__siunitx_number_exponent_fixed_int=\count278
\l__siunitx_number_min_decimal_int=\count279
\l__siunitx_number_min_integer_int=\count280
\l__siunitx_number_round_precision_int=\count281
\l__siunitx_number_group_minimum_int=\count282
\l__siunitx_table_tmp_box=\box55
\l__siunitx_table_tmp_dim=\dimen161
\l__siunitx_table_column_width_dim=\dimen162
\l__siunitx_table_integer_box=\box56
\l__siunitx_table_decimal_box=\box57
\l__siunitx_table_before_box=\box58
\l__siunitx_table_after_box=\box59
\l__siunitx_table_before_dim=\dimen163
\l__siunitx_table_carry_dim=\dimen164
\l__siunitx_unit_tmp_int=\count283
\l__siunitx_unit_position_int=\count284
\l__siunitx_unit_total_int=\count285

(C:\Users\napie\AppData\Local\Programs\MiKTeX\tex/latex/l3packages/l3keys2e\l3k
eys2e.sty
(C:\Users\napie\AppData\Local\Programs\MiKTeX\tex/latex/l3kernel\expl3.sty
Package: expl3 2022-02-24 L3 programming layer (loader) 

(C:\Users\napie\AppData\Local\Programs\MiKTeX\tex/latex/l3backend\l3backend-pdf
tex.def
File: l3backend-pdftex.def 2022-02-07 L3 backend support: PDF output (pdfTeX)
\l__color_backend_stack_int=\count286
\l__pdf_internal_box=\box60
))
Package: l3keys2e 2022-01-12 LaTeX2e option processing using LaTeX3 keys
)
(C:\Users\napie\AppData\Local\Programs\MiKTeX\tex/latex/tools\array.sty
Package: array 2021/10/04 v2.5f Tabular extension package (FMi)
\col@sep=\dimen165
\ar@mcellbox=\box61
\extrarowheight=\dimen166
\NC@list=\toks22
\extratabsurround=\skip56
\backup@length=\skip57
\ar@cellbox=\box62
))
(C:\Users\napie\AppData\Local\Programs\MiKTeX\tex/latex/hyperref\hyperref.sty
Package: hyperref 2022-02-21 v7.00n Hypertext links for LaTeX

(C:\Users\napie\AppData\Local\Programs\MiKTeX\tex/generic/kvsetkeys\kvsetkeys.s
ty
Package: kvsetkeys 2019/12/15 v1.18 Key value parser (HO)
)
(C:\Users\napie\AppData\Local\Programs\MiKTeX\tex/generic/kvdefinekeys\kvdefine
keys.sty
Package: kvdefinekeys 2019-12-19 v1.6 Define keys (HO)
)
(C:\Users\napie\AppData\Local\Programs\MiKTeX\tex/generic/pdfescape\pdfescape.s
ty
Package: pdfescape 2019/12/09 v1.15 Implements pdfTeX's escape features (HO)
) (C:\Users\napie\AppData\Local\Programs\MiKTeX\tex/latex/hycolor\hycolor.sty
Package: hycolor 2020-01-27 v1.10 Color options for hyperref/bookmark (HO)
)
(C:\Users\napie\AppData\Local\Programs\MiKTeX\tex/latex/letltxmacro\letltxmacro
.sty
Package: letltxmacro 2019/12/03 v1.6 Let assignment for LaTeX macros (HO)
)
(C:\Users\napie\AppData\Local\Programs\MiKTeX\tex/latex/auxhook\auxhook.sty
Package: auxhook 2019-12-17 v1.6 Hooks for auxiliary files (HO)
)
(C:\Users\napie\AppData\Local\Programs\MiKTeX\tex/latex/kvoptions\kvoptions.sty
Package: kvoptions 2020-10-07 v3.14 Key value format for package options (HO)
)
\@linkdim=\dimen167
\Hy@linkcounter=\count287
\Hy@pagecounter=\count288
 (C:\Users\napie\AppData\Local\Programs\MiKTeX\tex/latex/hyperref\pd1enc.def
File: pd1enc.def 2022-02-21 v7.00n Hyperref: PDFDocEncoding definition (HO)
Now handling font encoding PD1 ...
... no UTF-8 mapping file for font encoding PD1
)
(C:\Users\napie\AppData\Local\Programs\MiKTeX\tex/generic/intcalc\intcalc.sty
Package: intcalc 2019/12/15 v1.3 Expandable calculations with integers (HO)
)
(C:\Users\napie\AppData\Local\Programs\MiKTeX\tex/generic/etexcmds\etexcmds.sty
Package: etexcmds 2019/12/15 v1.7 Avoid name clashes with e-TeX commands (HO)
)
\Hy@SavedSpaceFactor=\count289
 (C:\Users\napie\AppData\Local\Programs\MiKTeX\tex/latex/hyperref\puenc.def
File: puenc.def 2022-02-21 v7.00n Hyperref: PDF Unicode definition (HO)
Now handling font encoding PU ...
... no UTF-8 mapping file for font encoding PU
)
Package hyperref Info: Hyper figures OFF on input line 4137.
Package hyperref Info: Link nesting OFF on input line 4142.
Package hyperref Info: Hyper index ON on input line 4145.
Package hyperref Info: Plain pages OFF on input line 4152.
Package hyperref Info: Backreferencing OFF on input line 4157.
Package hyperref Info: Implicit mode ON; LaTeX internals redefined.
Package hyperref Info: Bookmarks ON on input line 4390.
\c@Hy@tempcnt=\count290

(C:\Users\napie\AppData\Local\Programs\MiKTeX\tex/latex/url\url.sty
\Urlmuskip=\muskip17
Package: url 2013/09/16  ver 3.4  Verb mode for urls, etc.
)
LaTeX Info: Redefining \url on input line 4749.
\XeTeXLinkMargin=\dimen168

(C:\Users\napie\AppData\Local\Programs\MiKTeX\tex/generic/bitset\bitset.sty
Package: bitset 2019/12/09 v1.3 Handle bit-vector datatype (HO)

(C:\Users\napie\AppData\Local\Programs\MiKTeX\tex/generic/bigintcalc\bigintcalc
.sty
Package: bigintcalc 2019/12/15 v1.5 Expandable calculations on big integers (HO
)
))
\Fld@menulength=\count291
\Field@Width=\dimen169
\Fld@charsize=\dimen170
Package hyperref Info: Hyper figures OFF on input line 6027.
Package hyperref Info: Link nesting OFF on input line 6032.
Package hyperref Info: Hyper index ON on input line 6035.
Package hyperref Info: backreferencing OFF on input line 6042.
Package hyperref Info: Link coloring OFF on input line 6047.
Package hyperref Info: Link coloring with OCG OFF on input line 6052.
Package hyperref Info: PDF/A mode OFF on input line 6057.
LaTeX Info: Redefining \ref on input line 6097.
LaTeX Info: Redefining \pageref on input line 6101.

(C:\Users\napie\AppData\Local\Programs\MiKTeX\tex/latex/base\atbegshi-ltx.sty
Package: atbegshi-ltx 2021/01/10 v1.0c Emulation of the original atbegshi
package with kernel methods
)
\Hy@abspage=\count292
\c@Item=\count293
\c@Hfootnote=\count294
)
Package hyperref Info: Driver (autodetected): hpdftex.
(C:\Users\napie\AppData\Local\Programs\MiKTeX\tex/latex/hyperref\hpdftex.def
File: hpdftex.def 2022-02-21 v7.00n Hyperref driver for pdfTeX

(C:\Users\napie\AppData\Local\Programs\MiKTeX\tex/latex/base\atveryend-ltx.sty
Package: atveryend-ltx 2020/08/19 v1.0a Emulation of the original atveryend pac
kage
with kernel methods
)
\Fld@listcount=\count295
\c@bookmark@seq@number=\count296

(C:\Users\napie\AppData\Local\Programs\MiKTeX\tex/latex/rerunfilecheck\rerunfil
echeck.sty
Package: rerunfilecheck 2019/12/05 v1.9 Rerun checks for auxiliary files (HO)

(C:\Users\napie\AppData\Local\Programs\MiKTeX\tex/generic/uniquecounter\uniquec
ounter.sty
Package: uniquecounter 2019/12/15 v1.4 Provide unlimited unique counter (HO)
)
Package uniquecounter Info: New unique counter `rerunfilecheck' on input line 2
86.
)
\Hy@SectionHShift=\skip58
)
(C:\Users\napie\AppData\Local\Programs\MiKTeX\tex/latex/booktabs\booktabs.sty
Package: booktabs 2020/01/12 v1.61803398 Publication quality tables
\heavyrulewidth=\dimen171
\lightrulewidth=\dimen172
\cmidrulewidth=\dimen173
\belowrulesep=\dimen174
\belowbottomsep=\dimen175
\aboverulesep=\dimen176
\abovetopsep=\dimen177
\cmidrulesep=\dimen178
\cmidrulekern=\dimen179
\defaultaddspace=\dimen180
\@cmidla=\count297
\@cmidlb=\count298
\@aboverulesep=\dimen181
\@belowrulesep=\dimen182
\@thisruleclass=\count299
\@lastruleclass=\count300
\@thisrulewidth=\dimen183
)
(C:\Users\napie\AppData\Local\Programs\MiKTeX\tex/latex/parskip\parskip.sty
Package: parskip 2021-03-14 v2.0h non-zero parskip adjustments
)
(C:\Users\napie\AppData\Local\Programs\MiKTeX\tex/latex/todonotes\todonotes.sty
Package: todonotes 2021/06/04 v1.1.5 Todonotes source and documentation.
Package: todonotes 2021/06/04
(C:\Users\napie\AppData\Local\Programs\MiKTeX\tex/latex/base\ifthen.sty
Package: ifthen 2020/11/24 v1.1c Standard LaTeX ifthen package (DPC)
)
(C:\Users\napie\AppData\Local\Programs\MiKTeX\tex/latex/xkeyval\xkeyval.sty
Package: xkeyval 2020/11/20 v2.8 package option processing (HA)

(C:\Users\napie\AppData\Local\Programs\MiKTeX\tex/generic/xkeyval\xkeyval.tex
(C:\Users\napie\AppData\Local\Programs\MiKTeX\tex/generic/xkeyval\xkvutils.tex
\XKV@toks=\toks23
\XKV@tempa@toks=\toks24
)
\XKV@depth=\count301
File: xkeyval.tex 2014/12/03 v2.7a key=value parser (HA)
)) (C:\Users\napie\AppData\Local\Programs\MiKTeX\tex/latex/xcolor\xcolor.sty
Package: xcolor 2021/10/31 v2.13 LaTeX color extensions (UK)

(C:\Users\napie\AppData\Local\Programs\MiKTeX\tex/latex/graphics-cfg\color.cfg
File: color.cfg 2016/01/02 v1.6 sample color configuration
)
Package xcolor Info: Driver file: pdftex.def on input line 227.
Package xcolor Info: Model `cmy' substituted by `cmy0' on input line 1352.
Package xcolor Info: Model `hsb' substituted by `rgb' on input line 1356.
Package xcolor Info: Model `RGB' extended on input line 1368.
Package xcolor Info: Model `HTML' substituted by `rgb' on input line 1370.
Package xcolor Info: Model `Hsb' substituted by `hsb' on input line 1371.
Package xcolor Info: Model `tHsb' substituted by `hsb' on input line 1372.
Package xcolor Info: Model `HSB' substituted by `hsb' on input line 1373.
Package xcolor Info: Model `Gray' substituted by `gray' on input line 1374.
Package xcolor Info: Model `wave' substituted by `hsb' on input line 1375.
)
(C:\Users\napie\AppData\Local\Programs\MiKTeX\tex/latex/pgf/frontendlayer\tikz.
sty
(C:\Users\napie\AppData\Local\Programs\MiKTeX\tex/latex/pgf/basiclayer\pgf.sty
(C:\Users\napie\AppData\Local\Programs\MiKTeX\tex/latex/pgf/utilities\pgfrcs.st
y
(C:\Users\napie\AppData\Local\Programs\MiKTeX\tex/generic/pgf/utilities\pgfutil
-common.tex
\pgfutil@everybye=\toks25
\pgfutil@tempdima=\dimen184
\pgfutil@tempdimb=\dimen185

(C:\Users\napie\AppData\Local\Programs\MiKTeX\tex/generic/pgf/utilities\pgfutil
-common-lists.tex))
(C:\Users\napie\AppData\Local\Programs\MiKTeX\tex/generic/pgf/utilities\pgfutil
-latex.def
\pgfutil@abb=\box63
)
(C:\Users\napie\AppData\Local\Programs\MiKTeX\tex/generic/pgf/utilities\pgfrcs.
code.tex
(C:\Users\napie\AppData\Local\Programs\MiKTeX\tex/generic/pgf\pgf.revision.tex)
Package: pgfrcs 2021/05/15 v3.1.9a (3.1.9a)
))
Package: pgf 2021/05/15 v3.1.9a (3.1.9a)

(C:\Users\napie\AppData\Local\Programs\MiKTeX\tex/latex/pgf/basiclayer\pgfcore.
sty
(C:\Users\napie\AppData\Local\Programs\MiKTeX\tex/latex/pgf/systemlayer\pgfsys.
sty
(C:\Users\napie\AppData\Local\Programs\MiKTeX\tex/generic/pgf/systemlayer\pgfsy
s.code.tex
Package: pgfsys 2021/05/15 v3.1.9a (3.1.9a)

(C:\Users\napie\AppData\Local\Programs\MiKTeX\tex/generic/pgf/utilities\pgfkeys
.code.tex
\pgfkeys@pathtoks=\toks26
\pgfkeys@temptoks=\toks27

(C:\Users\napie\AppData\Local\Programs\MiKTeX\tex/generic/pgf/utilities\pgfkeys
filtered.code.tex
\pgfkeys@tmptoks=\toks28
))
\pgf@x=\dimen186
\pgf@y=\dimen187
\pgf@xa=\dimen188
\pgf@ya=\dimen189
\pgf@xb=\dimen190
\pgf@yb=\dimen191
\pgf@xc=\dimen192
\pgf@yc=\dimen193
\pgf@xd=\dimen194
\pgf@yd=\dimen195
\w@pgf@writea=\write3
\r@pgf@reada=\read2
\c@pgf@counta=\count302
\c@pgf@countb=\count303
\c@pgf@countc=\count304
\c@pgf@countd=\count305
\t@pgf@toka=\toks29
\t@pgf@tokb=\toks30
\t@pgf@tokc=\toks31
\pgf@sys@id@count=\count306

(C:\Users\napie\AppData\Local\Programs\MiKTeX\tex/generic/pgf/systemlayer\pgf.c
fg
File: pgf.cfg 2021/05/15 v3.1.9a (3.1.9a)
)
Driver file for pgf: pgfsys-pdftex.def

(C:\Users\napie\AppData\Local\Programs\MiKTeX\tex/generic/pgf/systemlayer\pgfsy
s-pdftex.def
File: pgfsys-pdftex.def 2021/05/15 v3.1.9a (3.1.9a)

(C:\Users\napie\AppData\Local\Programs\MiKTeX\tex/generic/pgf/systemlayer\pgfsy
s-common-pdf.def
File: pgfsys-common-pdf.def 2021/05/15 v3.1.9a (3.1.9a)
)))
(C:\Users\napie\AppData\Local\Programs\MiKTeX\tex/generic/pgf/systemlayer\pgfsy
ssoftpath.code.tex
File: pgfsyssoftpath.code.tex 2021/05/15 v3.1.9a (3.1.9a)
\pgfsyssoftpath@smallbuffer@items=\count307
\pgfsyssoftpath@bigbuffer@items=\count308
)
(C:\Users\napie\AppData\Local\Programs\MiKTeX\tex/generic/pgf/systemlayer\pgfsy
sprotocol.code.tex
File: pgfsysprotocol.code.tex 2021/05/15 v3.1.9a (3.1.9a)
))
(C:\Users\napie\AppData\Local\Programs\MiKTeX\tex/generic/pgf/basiclayer\pgfcor
e.code.tex
Package: pgfcore 2021/05/15 v3.1.9a (3.1.9a)

(C:\Users\napie\AppData\Local\Programs\MiKTeX\tex/generic/pgf/math\pgfmath.code
.tex
(C:\Users\napie\AppData\Local\Programs\MiKTeX\tex/generic/pgf/math\pgfmathcalc.
code.tex
(C:\Users\napie\AppData\Local\Programs\MiKTeX\tex/generic/pgf/math\pgfmathutil.
code.tex)
(C:\Users\napie\AppData\Local\Programs\MiKTeX\tex/generic/pgf/math\pgfmathparse
r.code.tex
\pgfmath@dimen=\dimen196
\pgfmath@count=\count309
\pgfmath@box=\box64
\pgfmath@toks=\toks32
\pgfmath@stack@operand=\toks33
\pgfmath@stack@operation=\toks34
)
(C:\Users\napie\AppData\Local\Programs\MiKTeX\tex/generic/pgf/math\pgfmathfunct
ions.code.tex
(C:\Users\napie\AppData\Local\Programs\MiKTeX\tex/generic/pgf/math\pgfmathfunct
ions.basic.code.tex)
(C:\Users\napie\AppData\Local\Programs\MiKTeX\tex/generic/pgf/math\pgfmathfunct
ions.trigonometric.code.tex)
(C:\Users\napie\AppData\Local\Programs\MiKTeX\tex/generic/pgf/math\pgfmathfunct
ions.random.code.tex)
(C:\Users\napie\AppData\Local\Programs\MiKTeX\tex/generic/pgf/math\pgfmathfunct
ions.comparison.code.tex)
(C:\Users\napie\AppData\Local\Programs\MiKTeX\tex/generic/pgf/math\pgfmathfunct
ions.base.code.tex)
(C:\Users\napie\AppData\Local\Programs\MiKTeX\tex/generic/pgf/math\pgfmathfunct
ions.round.code.tex)
(C:\Users\napie\AppData\Local\Programs\MiKTeX\tex/generic/pgf/math\pgfmathfunct
ions.misc.code.tex)
(C:\Users\napie\AppData\Local\Programs\MiKTeX\tex/generic/pgf/math\pgfmathfunct
ions.integerarithmetics.code.tex)))
(C:\Users\napie\AppData\Local\Programs\MiKTeX\tex/generic/pgf/math\pgfmathfloat
.code.tex
\c@pgfmathroundto@lastzeros=\count310
))
(C:\Users\napie\AppData\Local\Programs\MiKTeX\tex/generic/pgf/math\pgfint.code.
tex)
(C:\Users\napie\AppData\Local\Programs\MiKTeX\tex/generic/pgf/basiclayer\pgfcor
epoints.code.tex
File: pgfcorepoints.code.tex 2021/05/15 v3.1.9a (3.1.9a)
\pgf@picminx=\dimen197
\pgf@picmaxx=\dimen198
\pgf@picminy=\dimen199
\pgf@picmaxy=\dimen256
\pgf@pathminx=\dimen257
\pgf@pathmaxx=\dimen258
\pgf@pathminy=\dimen259
\pgf@pathmaxy=\dimen260
\pgf@xx=\dimen261
\pgf@xy=\dimen262
\pgf@yx=\dimen263
\pgf@yy=\dimen264
\pgf@zx=\dimen265
\pgf@zy=\dimen266
)
(C:\Users\napie\AppData\Local\Programs\MiKTeX\tex/generic/pgf/basiclayer\pgfcor
epathconstruct.code.tex
File: pgfcorepathconstruct.code.tex 2021/05/15 v3.1.9a (3.1.9a)
\pgf@path@lastx=\dimen267
\pgf@path@lasty=\dimen268
)
(C:\Users\napie\AppData\Local\Programs\MiKTeX\tex/generic/pgf/basiclayer\pgfcor
epathusage.code.tex
File: pgfcorepathusage.code.tex 2021/05/15 v3.1.9a (3.1.9a)
\pgf@shorten@end@additional=\dimen269
\pgf@shorten@start@additional=\dimen270
)
(C:\Users\napie\AppData\Local\Programs\MiKTeX\tex/generic/pgf/basiclayer\pgfcor
escopes.code.tex
File: pgfcorescopes.code.tex 2021/05/15 v3.1.9a (3.1.9a)
\pgfpic=\box65
\pgf@hbox=\box66
\pgf@layerbox@main=\box67
\pgf@picture@serial@count=\count311
)
(C:\Users\napie\AppData\Local\Programs\MiKTeX\tex/generic/pgf/basiclayer\pgfcor
egraphicstate.code.tex
File: pgfcoregraphicstate.code.tex 2021/05/15 v3.1.9a (3.1.9a)
\pgflinewidth=\dimen271
)
(C:\Users\napie\AppData\Local\Programs\MiKTeX\tex/generic/pgf/basiclayer\pgfcor
etransformations.code.tex
File: pgfcoretransformations.code.tex 2021/05/15 v3.1.9a (3.1.9a)
\pgf@pt@x=\dimen272
\pgf@pt@y=\dimen273
\pgf@pt@temp=\dimen274
)
(C:\Users\napie\AppData\Local\Programs\MiKTeX\tex/generic/pgf/basiclayer\pgfcor
equick.code.tex
File: pgfcorequick.code.tex 2021/05/15 v3.1.9a (3.1.9a)
)
(C:\Users\napie\AppData\Local\Programs\MiKTeX\tex/generic/pgf/basiclayer\pgfcor
eobjects.code.tex
File: pgfcoreobjects.code.tex 2021/05/15 v3.1.9a (3.1.9a)
)
(C:\Users\napie\AppData\Local\Programs\MiKTeX\tex/generic/pgf/basiclayer\pgfcor
epathprocessing.code.tex
File: pgfcorepathprocessing.code.tex 2021/05/15 v3.1.9a (3.1.9a)
)
(C:\Users\napie\AppData\Local\Programs\MiKTeX\tex/generic/pgf/basiclayer\pgfcor
earrows.code.tex
File: pgfcorearrows.code.tex 2021/05/15 v3.1.9a (3.1.9a)
\pgfarrowsep=\dimen275
)
(C:\Users\napie\AppData\Local\Programs\MiKTeX\tex/generic/pgf/basiclayer\pgfcor
eshade.code.tex
File: pgfcoreshade.code.tex 2021/05/15 v3.1.9a (3.1.9a)
\pgf@max=\dimen276
\pgf@sys@shading@range@num=\count312
\pgf@shadingcount=\count313
)
(C:\Users\napie\AppData\Local\Programs\MiKTeX\tex/generic/pgf/basiclayer\pgfcor
eimage.code.tex
File: pgfcoreimage.code.tex 2021/05/15 v3.1.9a (3.1.9a)

(C:\Users\napie\AppData\Local\Programs\MiKTeX\tex/generic/pgf/basiclayer\pgfcor
eexternal.code.tex
File: pgfcoreexternal.code.tex 2021/05/15 v3.1.9a (3.1.9a)
\pgfexternal@startupbox=\box68
))
(C:\Users\napie\AppData\Local\Programs\MiKTeX\tex/generic/pgf/basiclayer\pgfcor
elayers.code.tex
File: pgfcorelayers.code.tex 2021/05/15 v3.1.9a (3.1.9a)
)
(C:\Users\napie\AppData\Local\Programs\MiKTeX\tex/generic/pgf/basiclayer\pgfcor
etransparency.code.tex
File: pgfcoretransparency.code.tex 2021/05/15 v3.1.9a (3.1.9a)
)
(C:\Users\napie\AppData\Local\Programs\MiKTeX\tex/generic/pgf/basiclayer\pgfcor
epatterns.code.tex
File: pgfcorepatterns.code.tex 2021/05/15 v3.1.9a (3.1.9a)
)
(C:\Users\napie\AppData\Local\Programs\MiKTeX\tex/generic/pgf/basiclayer\pgfcor
erdf.code.tex
File: pgfcorerdf.code.tex 2021/05/15 v3.1.9a (3.1.9a)
)))
(C:\Users\napie\AppData\Local\Programs\MiKTeX\tex/generic/pgf/modules\pgfmodule
shapes.code.tex
File: pgfmoduleshapes.code.tex 2021/05/15 v3.1.9a (3.1.9a)
\pgfnodeparttextbox=\box69
)
(C:\Users\napie\AppData\Local\Programs\MiKTeX\tex/generic/pgf/modules\pgfmodule
plot.code.tex
File: pgfmoduleplot.code.tex 2021/05/15 v3.1.9a (3.1.9a)
)
(C:\Users\napie\AppData\Local\Programs\MiKTeX\tex/latex/pgf/compatibility\pgfco
mp-version-0-65.sty
Package: pgfcomp-version-0-65 2021/05/15 v3.1.9a (3.1.9a)
\pgf@nodesepstart=\dimen277
\pgf@nodesepend=\dimen278
)
(C:\Users\napie\AppData\Local\Programs\MiKTeX\tex/latex/pgf/compatibility\pgfco
mp-version-1-18.sty
Package: pgfcomp-version-1-18 2021/05/15 v3.1.9a (3.1.9a)
))
(C:\Users\napie\AppData\Local\Programs\MiKTeX\tex/latex/pgf/utilities\pgffor.st
y
(C:\Users\napie\AppData\Local\Programs\MiKTeX\tex/latex/pgf/utilities\pgfkeys.s
ty
(C:\Users\napie\AppData\Local\Programs\MiKTeX\tex/generic/pgf/utilities\pgfkeys
.code.tex))
(C:\Users\napie\AppData\Local\Programs\MiKTeX\tex/latex/pgf/math\pgfmath.sty
(C:\Users\napie\AppData\Local\Programs\MiKTeX\tex/generic/pgf/math\pgfmath.code
.tex))
(C:\Users\napie\AppData\Local\Programs\MiKTeX\tex/generic/pgf/utilities\pgffor.
code.tex
Package: pgffor 2021/05/15 v3.1.9a (3.1.9a)

(C:\Users\napie\AppData\Local\Programs\MiKTeX\tex/generic/pgf/math\pgfmath.code
.tex)
\pgffor@iter=\dimen279
\pgffor@skip=\dimen280
\pgffor@stack=\toks35
\pgffor@toks=\toks36
))
(C:\Users\napie\AppData\Local\Programs\MiKTeX\tex/generic/pgf/frontendlayer/tik
z\tikz.code.tex
Package: tikz 2021/05/15 v3.1.9a (3.1.9a)

(C:\Users\napie\AppData\Local\Programs\MiKTeX\tex/generic/pgf/libraries\pgflibr
aryplothandlers.code.tex
File: pgflibraryplothandlers.code.tex 2021/05/15 v3.1.9a (3.1.9a)
\pgf@plot@mark@count=\count314
\pgfplotmarksize=\dimen281
)
\tikz@lastx=\dimen282
\tikz@lasty=\dimen283
\tikz@lastxsaved=\dimen284
\tikz@lastysaved=\dimen285
\tikz@lastmovetox=\dimen286
\tikz@lastmovetoy=\dimen287
\tikzleveldistance=\dimen288
\tikzsiblingdistance=\dimen289
\tikz@figbox=\box70
\tikz@figbox@bg=\box71
\tikz@tempbox=\box72
\tikz@tempbox@bg=\box73
\tikztreelevel=\count315
\tikznumberofchildren=\count316
\tikznumberofcurrentchild=\count317
\tikz@fig@count=\count318

(C:\Users\napie\AppData\Local\Programs\MiKTeX\tex/generic/pgf/modules\pgfmodule
matrix.code.tex
File: pgfmodulematrix.code.tex 2021/05/15 v3.1.9a (3.1.9a)
\pgfmatrixcurrentrow=\count319
\pgfmatrixcurrentcolumn=\count320
\pgf@matrix@numberofcolumns=\count321
)
\tikz@expandcount=\count322

(C:\Users\napie\AppData\Local\Programs\MiKTeX\tex/generic/pgf/frontendlayer/tik
z/libraries\tikzlibrarytopaths.code.tex
File: tikzlibrarytopaths.code.tex 2021/05/15 v3.1.9a (3.1.9a)
)))
(C:\Users\napie\AppData\Local\Programs\MiKTeX\tex/generic/pgf/frontendlayer/tik
z/libraries\tikzlibrarypositioning.code.tex
File: tikzlibrarypositioning.code.tex 2021/05/15 v3.1.9a (3.1.9a)
)
\c@@todonotes@numberoftodonotes=\count323
)
(C:\Users\napie\AppData\Local\Programs\MiKTeX\tex/latex/geometry\geometry.sty
Package: geometry 2020/01/02 v5.9 Page Geometry

(C:\Users\napie\AppData\Local\Programs\MiKTeX\tex/generic/iftex\ifvtex.sty
Package: ifvtex 2019/10/25 v1.7 ifvtex legacy package. Use iftex instead.
)
\Gm@cnth=\count324
\Gm@cntv=\count325
\c@Gm@tempcnt=\count326
\Gm@bindingoffset=\dimen290
\Gm@wd@mp=\dimen291
\Gm@odd@mp=\dimen292
\Gm@even@mp=\dimen293
\Gm@layoutwidth=\dimen294
\Gm@layoutheight=\dimen295
\Gm@layouthoffset=\dimen296
\Gm@layoutvoffset=\dimen297
\Gm@dimlist=\toks37

(C:\Users\napie\AppData\Local\Programs\MiKTeX\tex/latex/geometry\geometry.cfg))
(C:\Users\napie\AppData\Local\Programs\MiKTeX\tex/latex/blkarray\blkarray.sty
Package: blkarray 2015/02/27 v0.07 Block array (dpc)
\c@BAenumi=\count327
\BA@col=\count328
\BA@block@cnt=\count329
\BA@final@box=\box74
\BA@first@box=\box75
\BA@colsep=\dimen298
\BA@ftn=\toks38
\BAextrarowheight=\dimen299
\BAextraheightafterhline=\dimen300
\BAarrayrulewidth=\dimen301
\BAdoublerulesep=\dimen302
\BAfootskip=\dimen303
\BA@dashbox=\box76
\BA@ddashbox=\box77
)
(C:\Users\napie\AppData\Local\Programs\MiKTeX\tex/latex/enumitem\enumitem.sty
Package: enumitem 2019/06/20 v3.9 Customized lists
\labelindent=\skip59
\enit@outerparindent=\dimen304
\enit@toks=\toks39
\enit@inbox=\box78
\enit@count@id=\count330
\enitdp@description=\count331
)
(C:\Users\napie\AppData\Local\Programs\MiKTeX\tex/latex/caption\caption.sty
Package: caption 2022/02/28 v3.6a Customizing captions (AR)

(C:\Users\napie\AppData\Local\Programs\MiKTeX\tex/latex/caption\caption3.sty
Package: caption3 2022/02/28 v2.3a caption3 kernel (AR)
\caption@tempdima=\dimen305
\captionmargin=\dimen306
\caption@leftmargin=\dimen307
\caption@rightmargin=\dimen308
\caption@width=\dimen309
\caption@indent=\dimen310
\caption@parindent=\dimen311
\caption@hangindent=\dimen312
Package caption Info: Standard document class detected.
)
\c@caption@flags=\count332
\c@continuedfloat=\count333
Package caption Info: hyperref package is loaded.
)
(C:\Users\napie\AppData\Local\Programs\MiKTeX\tex/latex/caption\subcaption.sty
Package: subcaption 2022/01/07 v1.5 Sub-captions (AR)
\c@subfigure=\count334
\c@subtable=\count335
)
(C:\Users\napie\AppData\Local\Programs\MiKTeX\tex/latex/complexity\complexity.s
ty
Package: complexity 09/16/17  v0.81a

(C:\Users\napie\AppData\Local\Programs\MiKTeX\tex/latex/complexity\mycomplexity
.sty))
(C:\Users\napie\AppData\Local\Programs\MiKTeX\tex/latex/tikz-cd\tikz-cd.sty
Package: tikz-cd 2021/05/04 v1.0 Commutative diagrams with TikZ

(C:\Users\napie\AppData\Local\Programs\MiKTeX\tex/latex/tikz-cd\tikzlibrarycd.c
ode.tex
(C:\Users\napie\AppData\Local\Programs\MiKTeX\tex/generic/pgf/frontendlayer/tik
z/libraries\tikzlibrarymatrix.code.tex
File: tikzlibrarymatrix.code.tex 2021/05/15 v3.1.9a (3.1.9a)
)
(C:\Users\napie\AppData\Local\Programs\MiKTeX\tex/generic/pgf/frontendlayer/tik
z/libraries\tikzlibraryquotes.code.tex
File: tikzlibraryquotes.code.tex 2021/05/15 v3.1.9a (3.1.9a)
)
(C:\Users\napie\AppData\Local\Programs\MiKTeX\tex/generic/pgf/libraries\pgflibr
aryarrows.meta.code.tex
File: pgflibraryarrows.meta.code.tex 2021/05/15 v3.1.9a (3.1.9a)
\pgfarrowinset=\dimen313
\pgfarrowlength=\dimen314
\pgfarrowwidth=\dimen315
\pgfarrowlinewidth=\dimen316
)))
(C:\Users\napie\AppData\Local\Programs\MiKTeX\tex/latex/titling\titling.sty
Package: titling 2009/09/04 v2.1d maketitle typesetting
\thanksmarkwidth=\skip60
\thanksmargin=\skip61
\droptitle=\skip62
)
(C:\Users\napie\AppData\Local\Programs\MiKTeX\tex/latex/algorithmicx\algpseudoc
ode.sty
Package: algpseudocode 

(C:\Users\napie\AppData\Local\Programs\MiKTeX\tex/latex/algorithmicx\algorithmi
cx.sty
Package: algorithmicx 2005/04/27 v1.2 Algorithmicx

Document Style algorithmicx 1.2 - a greatly improved `algorithmic' style
\c@ALG@line=\count336
\c@ALG@rem=\count337
\c@ALG@nested=\count338
\ALG@tlm=\skip63
\ALG@thistlm=\skip64
\c@ALG@Lnr=\count339
\c@ALG@blocknr=\count340
\c@ALG@storecount=\count341
\c@ALG@tmpcounter=\count342
\ALG@tmplength=\skip65
)
Document Style - pseudocode environments for use with the `algorithmicx' style
)
(C:\Users\napie\AppData\Local\Programs\MiKTeX\tex/latex/algorithms\algorithm.st
y
Package: algorithm 2009/08/24 v0.1 Document Style `algorithm' - floating enviro
nment
 (C:\Users\napie\AppData\Local\Programs\MiKTeX\tex/latex/float\float.sty
Package: float 2001/11/08 v1.3d Float enhancements (AL)
\c@float@type=\count343
\float@exts=\toks40
\float@box=\box79
\@float@everytoks=\toks41
\@floatcapt=\box80
)
\@float@every@algorithm=\toks42
\c@algorithm=\count344
)
(C:\Users\napie\AppData\Local\Programs\MiKTeX\tex/latex/minted\minted.sty
Package: minted 2021/12/24 v2.6 Yet another Pygments shim for LaTeX

(C:\Users\napie\AppData\Local\Programs\MiKTeX\tex/latex/fvextra\fvextra.sty
Package: fvextra 2019/02/04 v1.4 fvextra - extensions and patches for fancyvrb

(C:\Users\napie\AppData\Local\Programs\MiKTeX\tex/latex/fancyvrb\fancyvrb.sty
Package: fancyvrb 2021/12/21 4.1b verbatim text (tvz,hv)
\FV@CodeLineNo=\count345
\FV@InFile=\read3
\FV@TabBox=\box81
\c@FancyVerbLine=\count346
\FV@StepNumber=\count347
\FV@OutFile=\write4
)
(C:\Users\napie\AppData\Local\Programs\MiKTeX\tex/latex/upquote\upquote.sty
Package: upquote 2012/04/19 v1.3 upright-quote and grave-accent glyphs in verba
tim
)
(C:\Users\napie\AppData\Local\Programs\MiKTeX\tex/latex/lineno\lineno.sty
Package: lineno 2005/11/02 line numbers on paragraphs v4.41
\linenopenalty=\count348
\output=\toks43
\linenoprevgraf=\count349
\linenumbersep=\dimen317
\linenumberwidth=\dimen318
\c@linenumber=\count350
\c@pagewiselinenumber=\count351
\c@LN@truepage=\count352
\c@internallinenumber=\count353
\c@internallinenumbers=\count354
\quotelinenumbersep=\dimen319
\bframerule=\dimen320
\bframesep=\dimen321
\bframebox=\box82
LaTeX Info: Redefining \\ on input line 3056.
)
\c@FV@TrueTabGroupLevel=\count355
\c@FV@TrueTabCounter=\count356
\FV@TabBox@Group=\box83
\FV@TmpLength=\skip66
\c@FV@HighlightLinesStart=\count357
\c@FV@HighlightLinesStop=\count358
\FV@LoopCount=\count359
\FV@NCharsBox=\box84
\FV@BreakIndent=\dimen322
\FV@BreakIndentNChars=\count360
\FV@BreakSymbolSepLeft=\dimen323
\FV@BreakSymbolSepLeftNChars=\count361
\FV@BreakSymbolSepRight=\dimen324
\FV@BreakSymbolSepRightNChars=\count362
\FV@BreakSymbolIndentLeft=\dimen325
\FV@BreakSymbolIndentLeftNChars=\count363
\FV@BreakSymbolIndentRight=\dimen326
\FV@BreakSymbolIndentRightNChars=\count364
\c@FancyVerbLineBreakLast=\count365
\FV@LineBox=\box85
\FV@LineIndentBox=\box86
\FV@LineWidth=\dimen327
)
(C:\Users\napie\AppData\Local\Programs\MiKTeX\tex/latex/tools\shellesc.sty
Package: shellesc 2019/11/08 v1.0c unified shell escape interface for LaTeX
Package shellesc Info: Unrestricted shell escape enabled on input line 75.
)
(C:\Users\napie\AppData\Local\Programs\MiKTeX\tex/latex/ifplatform\ifplatform.s
ty
Package: ifplatform 2017/10/13 v0.4a Testing for the operating system

(C:\Users\napie\AppData\Local\Programs\MiKTeX\tex/generic/catchfile\catchfile.s
ty
Package: catchfile 2019/12/09 v1.8 Catch the contents of a file (HO)
)
(C:\Users\napie\AppData\Local\Programs\MiKTeX\tex/generic/iftex\ifluatex.sty
Package: ifluatex 2019/10/25 v1.5 ifluatex legacy package. Use iftex instead.
))
(C:\Users\napie\AppData\Local\Programs\MiKTeX\tex/latex/xstring\xstring.sty
(C:\Users\napie\AppData\Local\Programs\MiKTeX\tex/generic/xstring\xstring.tex
\integerpart=\count366
\decimalpart=\count367
)
Package: xstring 2021/07/21 v1.84 String manipulations (CT)
) (C:\Users\napie\AppData\Local\Programs\MiKTeX\tex/latex/framed\framed.sty
Package: framed 2011/10/22 v 0.96: framed or shaded text with page breaks
\OuterFrameSep=\skip67
\fb@frw=\dimen328
\fb@frh=\dimen329
\FrameRule=\dimen330
\FrameSep=\dimen331
)
\minted@appexistsfile=\read4
\minted@bgbox=\box87
\minted@code=\write5
\c@minted@FancyVerbLineTemp=\count368
\c@minted@pygmentizecounter=\count369
\@float@every@listing=\toks44
\c@listing=\count370
)
runsystem(if not exist out\_minted-main mkdir out\_minted-main)...executed.


(C:\Users\napie\AppData\Local\Programs\MiKTeX\tex/latex/biblatex\biblatex.sty
Package: biblatex 2022/02/02 v3.17 programmable bibliographies (PK/MW)

(C:\Users\napie\AppData\Local\Programs\MiKTeX\tex/latex/logreq\logreq.sty
Package: logreq 2010/08/04 v1.0 xml request logger
\lrq@indent=\count371

(C:\Users\napie\AppData\Local\Programs\MiKTeX\tex/latex/logreq\logreq.def
File: logreq.def 2010/08/04 v1.0 logreq spec v1.0
))
\c@tabx@nest=\count372
\c@listtotal=\count373
\c@listcount=\count374
\c@liststart=\count375
\c@liststop=\count376
\c@citecount=\count377
\c@citetotal=\count378
\c@multicitecount=\count379
\c@multicitetotal=\count380
\c@instcount=\count381
\c@maxnames=\count382
\c@minnames=\count383
\c@maxitems=\count384
\c@minitems=\count385
\c@citecounter=\count386
\c@maxcitecounter=\count387
\c@savedcitecounter=\count388
\c@uniquelist=\count389
\c@uniquename=\count390
\c@refsection=\count391
\c@refsegment=\count392
\c@maxextratitle=\count393
\c@maxextratitleyear=\count394
\c@maxextraname=\count395
\c@maxextradate=\count396
\c@maxextraalpha=\count397
\c@abbrvpenalty=\count398
\c@highnamepenalty=\count399
\c@lownamepenalty=\count400
\c@maxparens=\count401
\c@parenlevel=\count402
\blx@tempcnta=\count403
\blx@tempcntb=\count404
\blx@tempcntc=\count405
\c@blx@maxsection=\count406
\c@blx@maxsegment@0=\count407
\blx@notetype=\count408
\blx@parenlevel@text=\count409
\blx@parenlevel@foot=\count410
\c@blx@sectionciteorder@0=\count411
\blx@entrysetcounter=\count412
\blx@biblioinstance=\count413
\labelnumberwidth=\skip68
\labelalphawidth=\skip69
\biblabelsep=\skip70
\bibitemsep=\skip71
\bibnamesep=\skip72
\bibinitsep=\skip73
\bibparsep=\skip74
\bibhang=\skip75
\blx@bcfin=\read5
\blx@bcfout=\write6
\blx@langwohyphens=\language79
\c@mincomprange=\count414
\c@maxcomprange=\count415
\c@mincompwidth=\count416
Package biblatex Info: Trying to load biblatex default data model...
Package biblatex Info: ... file 'blx-dm.def' found.

(C:\Users\napie\AppData\Local\Programs\MiKTeX\tex/latex/biblatex\blx-dm.def
File: blx-dm.def 2022/02/02 v3.17 biblatex localization (PK/MW)
)
Package biblatex Info: Trying to load biblatex custom data model...
Package biblatex Info: ... file 'biblatex-dm.cfg' not found.
\c@afterword=\count417
\c@savedafterword=\count418
\c@annotator=\count419
\c@savedannotator=\count420
\c@author=\count421
\c@savedauthor=\count422
\c@bookauthor=\count423
\c@savedbookauthor=\count424
\c@commentator=\count425
\c@savedcommentator=\count426
\c@editor=\count427
\c@savededitor=\count428
\c@editora=\count429
\c@savededitora=\count430
\c@editorb=\count431
\c@savededitorb=\count432
\c@editorc=\count433
\c@savededitorc=\count434
\c@foreword=\count435
\c@savedforeword=\count436
\c@holder=\count437
\c@savedholder=\count438
\c@introduction=\count439
\c@savedintroduction=\count440
\c@namea=\count441
\c@savednamea=\count442
\c@nameb=\count443
\c@savednameb=\count444
\c@namec=\count445
\c@savednamec=\count446
\c@translator=\count447
\c@savedtranslator=\count448
\c@shortauthor=\count449
\c@savedshortauthor=\count450
\c@shorteditor=\count451
\c@savedshorteditor=\count452
\c@labelname=\count453
\c@savedlabelname=\count454
\c@institution=\count455
\c@savedinstitution=\count456
\c@lista=\count457
\c@savedlista=\count458
\c@listb=\count459
\c@savedlistb=\count460
\c@listc=\count461
\c@savedlistc=\count462
\c@listd=\count463
\c@savedlistd=\count464
\c@liste=\count465
\c@savedliste=\count466
\c@listf=\count467
\c@savedlistf=\count468
\c@location=\count469
\c@savedlocation=\count470
\c@organization=\count471
\c@savedorganization=\count472
\c@origlocation=\count473
\c@savedoriglocation=\count474
\c@origpublisher=\count475
\c@savedorigpublisher=\count476
\c@publisher=\count477
\c@savedpublisher=\count478
\c@language=\count479
\c@savedlanguage=\count480
\c@origlanguage=\count481
\c@savedoriglanguage=\count482
\c@pageref=\count483
\c@savedpageref=\count484
\shorthandwidth=\skip76
\shortjournalwidth=\skip77
\shortserieswidth=\skip78
\shorttitlewidth=\skip79
\shortauthorwidth=\skip80
\shorteditorwidth=\skip81
\locallabelnumberwidth=\skip82
\locallabelalphawidth=\skip83
\localshorthandwidth=\skip84
\localshortjournalwidth=\skip85
\localshortserieswidth=\skip86
\localshorttitlewidth=\skip87
\localshortauthorwidth=\skip88
\localshorteditorwidth=\skip89
Package biblatex Info: Trying to load compatibility code...
Package biblatex Info: ... file 'blx-compat.def' found.

(C:\Users\napie\AppData\Local\Programs\MiKTeX\tex/latex/biblatex\blx-compat.def
File: blx-compat.def 2022/02/02 v3.17 biblatex compatibility (PK/MW)
)
Package biblatex Info: Trying to load generic definitions...
Package biblatex Info: ... file 'biblatex.def' found.
 (C:\Users\napie\AppData\Local\Programs\MiKTeX\tex/latex/biblatex\biblatex.def
File: biblatex.def 2022/02/02 v3.17 biblatex compatibility (PK/MW)
\c@textcitecount=\count485
\c@textcitetotal=\count486
\c@textcitemaxnames=\count487
\c@biburlbigbreakpenalty=\count488
\c@biburlbreakpenalty=\count489
\c@biburlnumpenalty=\count490
\c@biburlucpenalty=\count491
\c@biburllcpenalty=\count492
\biburlbigskip=\muskip18
\biburlnumskip=\muskip19
\biburlucskip=\muskip20
\biburllcskip=\muskip21
\c@smartand=\count493
)
Package biblatex Info: Trying to load bibliography style 'numeric'...
Package biblatex Info: ... file 'numeric.bbx' found.

(C:\Users\napie\AppData\Local\Programs\MiKTeX\tex/latex/biblatex/bbx\numeric.bb
x
File: numeric.bbx 2022/02/02 v3.17 biblatex bibliography style (PK/MW)
Package biblatex Info: Trying to load bibliography style 'standard'...
Package biblatex Info: ... file 'standard.bbx' found.

(C:\Users\napie\AppData\Local\Programs\MiKTeX\tex/latex/biblatex/bbx\standard.b
bx
File: standard.bbx 2022/02/02 v3.17 biblatex bibliography style (PK/MW)
\c@bbx:relatedcount=\count494
\c@bbx:relatedtotal=\count495
))
Package biblatex Info: Trying to load citation style 'numeric'...
Package biblatex Info: ... file 'numeric.cbx' found.

(C:\Users\napie\AppData\Local\Programs\MiKTeX\tex/latex/biblatex/cbx\numeric.cb
x
File: numeric.cbx 2022/02/02 v3.17 biblatex citation style (PK/MW)
Package biblatex Info: Redefining '\cite'.
Package biblatex Info: Redefining '\parencite'.
Package biblatex Info: Redefining '\footcite'.
Package biblatex Info: Redefining '\footcitetext'.
Package biblatex Info: Redefining '\smartcite'.
Package biblatex Info: Redefining '\supercite'.
Package biblatex Info: Redefining '\textcite'.
Package biblatex Info: Redefining '\textcites'.
Package biblatex Info: Redefining '\cites'.
Package biblatex Info: Redefining '\parencites'.
Package biblatex Info: Redefining '\smartcites'.
)
Package biblatex Info: Trying to load configuration file...
Package biblatex Info: ... file 'biblatex.cfg' found.

(C:\Users\napie\AppData\Local\Programs\MiKTeX\tex/latex/biblatex\biblatex.cfg
File: biblatex.cfg 
)
Package biblatex Info: Input encoding 'utf8' detected.
Package biblatex Info: Document encoding is UTF8 ....
Package biblatex Info: ... and expl3
(biblatex)             2022-02-24 L3 programming layer (loader) 
(biblatex)             is new enough (at least 2020/04/06),
(biblatex)             setting 'casechanger=expl3'.

(C:\Users\napie\AppData\Local\Programs\MiKTeX\tex/latex/biblatex\blx-case-expl3
.sty
(C:\Users\napie\AppData\Local\Programs\MiKTeX\tex/latex/l3packages/xparse\xpars
e.sty
Package: xparse 2022-01-12 L3 Experimental document command parser
)
Package: blx-case-expl3 2022/02/02 v3.17 expl3 case changing code for biblatex
))
(C:\Users\napie\AppData\Local\Programs\MiKTeX\tex/latex/amscls\amsthm.sty
Package: amsthm 2020/05/29 v2.20.6
\thm@style=\toks45
\thm@bodyfont=\toks46
\thm@headfont=\toks47
\thm@notefont=\toks48
\thm@headpunct=\toks49
\thm@preskip=\skip90
\thm@postskip=\skip91
\thm@headsep=\skip92
\dth@everypar=\toks50
)
\c@theorem=\count496

(C:\Users\napie\AppData\Local\Programs\MiKTeX\tex/latex/appendix\appendix.sty
Package: appendix 2020/02/08 v1.2c extra appendix facilities
\c@@pps=\count497
\c@@ppsavesec=\count498
\c@@ppsaveapp=\count499
))
Package translations Info: No language package found. I am going to use `englis
h' as default language. on input line 7.
runsystem(for ^%i in (pygmentize.exe pygmentize.bat pygmentize.cmd) do set > ma
in.aex <nul: /p x=^%~$PATH:i>> main.aex)...executed.

runsystem(del main.aex)...executed.

\@quotelevel=\count500
\@quotereset=\count501
(D:\Projects\University\Assignments\Epiphany\Project\Report\out\main.aux)
\openout1 = `main.aux'.

LaTeX Font Info:    Checking defaults for OML/cmm/m/it on input line 7.
LaTeX Font Info:    ... okay on input line 7.
LaTeX Font Info:    Checking defaults for OMS/cmsy/m/n on input line 7.
LaTeX Font Info:    ... okay on input line 7.
LaTeX Font Info:    Checking defaults for OT1/cmr/m/n on input line 7.
LaTeX Font Info:    ... okay on input line 7.
LaTeX Font Info:    Checking defaults for T1/cmr/m/n on input line 7.
LaTeX Font Info:    ... okay on input line 7.
LaTeX Font Info:    Checking defaults for TS1/cmr/m/n on input line 7.
LaTeX Font Info:    ... okay on input line 7.
LaTeX Font Info:    Checking defaults for OMX/cmex/m/n on input line 7.
LaTeX Font Info:    ... okay on input line 7.
LaTeX Font Info:    Checking defaults for U/cmr/m/n on input line 7.
LaTeX Font Info:    ... okay on input line 7.
LaTeX Font Info:    Checking defaults for PD1/pdf/m/n on input line 7.
LaTeX Font Info:    ... okay on input line 7.
LaTeX Font Info:    Checking defaults for PU/pdf/m/n on input line 7.
LaTeX Font Info:    ... okay on input line 7.

(C:\Users\napie\AppData\Local\Programs\MiKTeX\tex/context/base/mkii\supp-pdf.mk
ii
[Loading MPS to PDF converter (version 2006.09.02).]
\scratchcounter=\count502
\scratchdimen=\dimen332
\scratchbox=\box88
\nofMPsegments=\count503
\nofMParguments=\count504
\everyMPshowfont=\toks51
\MPscratchCnt=\count505
\MPscratchDim=\dimen333
\MPnumerator=\count506
\makeMPintoPDFobject=\count507
\everyMPtoPDFconversion=\toks52
)
(C:\Users\napie\AppData\Local\Programs\MiKTeX\tex/latex/epstopdf-pkg\epstopdf-b
ase.sty
Package: epstopdf-base 2020-01-24 v2.11 Base part for package epstopdf

(C:\Users\napie\AppData\Local\Programs\MiKTeX\tex/latex/grfext\grfext.sty
Package: grfext 2019/12/03 v1.3 Manage graphics extensions (HO)
)
Package epstopdf-base Info: Redefining graphics rule for `.eps' on input line 4
85.
Package grfext Info: Graphics extension search list:
(grfext)             [.pdf,.png,.jpg,.mps,.jpeg,.jbig2,.jb2,.PDF,.PNG,.JPG,.JPE
G,.JBIG2,.JB2,.eps]
(grfext)             \AppendGraphicsExtensions on input line 504.

(C:\Users\napie\AppData\Local\Programs\MiKTeX\tex/latex/00miktex\epstopdf-sys.c
fg
File: epstopdf-sys.cfg 2021/03/18 v2.0 Configuration of epstopdf for MiKTeX
))
(C:\Users\napie\AppData\Local\Programs\MiKTeX\tex/latex/translations/dicts\tran
slations-basic-dictionary-english.trsl
File: translations-basic-dictionary-english.trsl (english translation file `tra
nslations-basic-dictionary')
)
Package translations Info: loading dictionary `translations-basic-dictionary' f
or `english'. on input line 7.
Package hyperref Info: Link coloring OFF on input line 7.

(C:\Users\napie\AppData\Local\Programs\MiKTeX\tex/latex/hyperref\nameref.sty
Package: nameref 2021-04-02 v2.47 Cross-referencing by name of section

(C:\Users\napie\AppData\Local\Programs\MiKTeX\tex/latex/refcount\refcount.sty
Package: refcount 2019/12/15 v3.6 Data extraction from label references (HO)
)
(C:\Users\napie\AppData\Local\Programs\MiKTeX\tex/generic/gettitlestring\gettit
lestring.sty
Package: gettitlestring 2019/12/15 v1.6 Cleanup title references (HO)
)
\c@section@level=\count508
)
LaTeX Info: Redefining \ref on input line 7.
LaTeX Info: Redefining \pageref on input line 7.
LaTeX Info: Redefining \nameref on input line 7.

(D:\Projects\University\Assignments\Epiphany\Project\Report\out\main.out)
(D:\Projects\University\Assignments\Epiphany\Project\Report\out\main.out)
\@outlinefile=\write7
\openout7 = `main.out'.



Package todonotes Warning: The length marginparwidth is less than 2cm and will 
most likely cause issues with the appearance of inserted todonotes. The issue c
an be solved by adding a line like \setlength {\marginparwidth }{2cm} prior to 
loading the todonotes package. on input line 7.

*geometry* driver: auto-detecting
*geometry* detected driver: pdftex
*geometry* verbose mode - [ preamble ] result:
* driver: pdftex
* paper: a4paper
* layout: <same size as paper>
* layoutoffset:(h,v)=(0.0pt,0.0pt)
* modes: 
* h-part:(L,W,R)=(71.13188pt, 455.24411pt, 71.13188pt)
* v-part:(T,H,B)=(71.13188pt, 702.78308pt, 71.13188pt)
* \paperwidth=597.50787pt
* \paperheight=845.04684pt
* \textwidth=455.24411pt
* \textheight=702.78308pt
* \oddsidemargin=-1.1381pt
* \evensidemargin=-1.1381pt
* \topmargin=-38.1381pt
* \headheight=12.0pt
* \headsep=25.0pt
* \topskip=11.0pt
* \footskip=30.0pt
* \marginparwidth=50.0pt
* \marginparsep=10.0pt
* \columnsep=10.0pt
* \skip\footins=10.0pt plus 4.0pt minus 2.0pt
* \hoffset=0.0pt
* \voffset=0.0pt
* \mag=1000
* \@twocolumnfalse
* \@twosidefalse
* \@mparswitchfalse
* \@reversemarginfalse
* (1in=72.27pt=25.4mm, 1cm=28.453pt)

Package caption Info: Begin \AtBeginDocument code.
Package caption Info: float package is loaded.
Package caption Info: End \AtBeginDocument code.
Package biblatex Info: Trying to load language 'english'...
Package biblatex Info: ... file 'english.lbx' found.

(C:\Users\napie\AppData\Local\Programs\MiKTeX\tex/latex/biblatex/lbx\english.lb
x
File: english.lbx 2022/02/02 v3.17 biblatex localization (PK/MW)
)
Package biblatex Info: Input encoding 'utf8' detected.
Package biblatex Info: Automatic encoding selection.
(biblatex)             Assuming data encoding 'utf8'.
\openout6 = `main.bcf'.

Package biblatex Info: Trying to load bibliographic data...
Package biblatex Info: ... file 'main.bbl' found.
 (D:\Projects\University\Assignments\Epiphany\Project\Report\out\main.bbl)
Package biblatex Info: Reference section=0 on input line 7.
Package biblatex Info: Reference segment=0 on input line 7.
<images/logo.pdf, id=230, 180.675pt x 74.52844pt>
File: images/logo.pdf Graphic file (type pdf)
<use images/logo.pdf>
Package pdftex.def Info: images/logo.pdf  used on input line 9.
(pdftex.def)             Requested size: 152.18799pt x 62.77744pt.
LaTeX Font Info:    Trying to load font information for U+msa on input line 9.

(C:\Users\napie\AppData\Local\Programs\MiKTeX\tex/latex/amsfonts\umsa.fd
File: umsa.fd 2013/01/14 v3.01 AMS symbols A
)
LaTeX Font Info:    Trying to load font information for U+msb on input line 9.

(C:\Users\napie\AppData\Local\Programs\MiKTeX\tex/latex/amsfonts\umsb.fd
File: umsb.fd 2013/01/14 v3.01 AMS symbols B
)
[1

{C:/Users/napie/AppData/Local/MiKTeX/fonts/map/pdftex/pdftex.map} <./images/log
o.pdf>] (front-matter/plagarism.tex
pdfTeX warning (ext4): destination with the same identifier (name{page.1}) has 
been already used, duplicate ignored
<to be read again> 
                   \relax 
l.4 \end{abstract}
                   [1]) (front-matter/toc.tex
(D:\Projects\University\Assignments\Epiphany\Project\Report\out\main.toc
pdfTeX warning (ext4): destination with the same identifier (name{page.1}) has 
been already used, duplicate ignored
<to be read again> 
                   \relax 
l.35 ...e theory of computation}{62}{appendix.1.B}
                                                  % [1

])
\tf@toc=\write8
\openout8 = `main.toc'.

 [2])
(content/1-intro/main.tex
Chapter 1.

pdfTeX warning (ext4): destination with the same identifier (name{page.1}) has 
been already used, duplicate ignored
<to be read again> 
                   \relax 
l.21 
      [1


]) (content/2-background/main.tex
pdfTeX warning (ext4): destination with the same identifier (name{page.2}) has 
been already used, duplicate ignored
<to be read again> 
                   \relax 
l.1 \chapter
            {Background in topology and combinatorics} [2]
Chapter 2.
(content/2-background/1-persistence-modules/main.tex
(content/2-background/1-persistence-modules/1-category-theory.tex
Overfull \hbox (0.31091pt too wide) in paragraph at lines 17--18
[]\OT1/cmr/m/n/10.95 there ex-ists a mor-phism $[][] \OMS/cmsy/m/n/10.95 2 []\O
T1/cmr/m/n/10.95 (\OML/cmm/m/it/10.95 C\OT1/cmr/m/n/10.95 )$ (called the \OT1/c
mr/m/it/10.95 iden-tity mor-phism\OT1/cmr/m/n/10.95 ) such that $[]([][]) =
 []

[3

] [4]) (content/2-background/1-persistence-modules/2-modules.tex [5] [6]
[7]) (content/2-background/1-persistence-modules/3-persistent-modules.tex
[8] [9] [10] [11]) (content/2-background/1-persistence-modules/4-cohomology.tex
[12])) (content/2-background/2-complexes/main.tex
(content/2-background/2-complexes/1-simplicial-complexes.tex [13]
<content/2-background/images/simplicial-complex.pdf, id=495, 400.49625pt x 389.
20406pt>
File: content/2-background/images/simplicial-complex.pdf Graphic file (type pdf
)
<use content/2-background/images/simplicial-complex.pdf>
Package pdftex.def Info: content/2-background/images/simplicial-complex.pdf  us
ed on input line 32.
(pdftex.def)             Requested size: 273.14923pt x 265.46294pt.
 [14 <./content/2-background/images/simplicial-complex.pdf>] [15] [16]

pdfTeX warning: pdflatex (file ./content/2-background/images/filtration-ex-1.pd
f): PDF inclusion: found PDF version <1.7>, but at most version <1.5> allowed
<content/2-background/images/filtration-ex-1.pdf, id=526, 262.0992pt x 112.5002
9pt>
File: content/2-background/images/filtration-ex-1.pdf Graphic file (type pdf)
<use content/2-background/images/filtration-ex-1.pdf>
Package pdftex.def Info: content/2-background/images/filtration-ex-1.pdf  used 
on input line 242.
(pdftex.def)             Requested size: 200.76353pt x 86.17401pt.


pdfTeX warning: pdflatex (file ./content/2-background/images/filtration-ex-2.pd
f): PDF inclusion: found PDF version <1.7>, but at most version <1.5> allowed
<content/2-background/images/filtration-ex-2.pdf, id=527, 262.0992pt x 112.5002
9pt>
File: content/2-background/images/filtration-ex-2.pdf Graphic file (type pdf)
<use content/2-background/images/filtration-ex-2.pdf>
Package pdftex.def Info: content/2-background/images/filtration-ex-2.pdf  used 
on input line 250.
(pdftex.def)             Requested size: 200.76353pt x 86.17401pt.
[17 <./content/2-background/images/filtration-ex-1.pdf> <./content/2-background
/images/filtration-ex-2.pdf>]

pdfTeX warning: pdflatex (file ./content/2-background/images/barcodes-ex-1.pdf)
: PDF inclusion: found PDF version <1.7>, but at most version <1.5> allowed
<content/2-background/images/barcodes-ex-1.pdf, id=566, 406.3983pt x 75.40169pt
>
File: content/2-background/images/barcodes-ex-1.pdf Graphic file (type pdf)
<use content/2-background/images/barcodes-ex-1.pdf>
Package pdftex.def Info: content/2-background/images/barcodes-ex-1.pdf  used on
 input line 301.
(pdftex.def)             Requested size: 432.48051pt x 80.24524pt.


pdfTeX warning: pdflatex (file ./content/2-background/images/barcodes-ex-2.pdf)
: PDF inclusion: found PDF version <1.7>, but at most version <1.5> allowed
<content/2-background/images/barcodes-ex-2.pdf, id=567, 407.60278pt x 90.3375pt
>
File: content/2-background/images/barcodes-ex-2.pdf Graphic file (type pdf)
<use content/2-background/images/barcodes-ex-2.pdf>
Package pdftex.def Info: content/2-background/images/barcodes-ex-2.pdf  used on
 input line 307.
(pdftex.def)             Requested size: 432.48051pt x 95.85239pt.
[18 <./content/2-background/images/barcodes-ex-1.pdf> <./content/2-background/i
mages/barcodes-ex-2.pdf>])
(content/2-background/2-complexes/2-vietoris-rips.tex

pdfTeX warning: pdflatex (file ./content/2-background/images/vietoris-rips.pdf)
: PDF inclusion: found PDF version <1.7>, but at most version <1.5> allowed
<content/2-background/images/vietoris-rips.pdf, id=602, 298.23419pt x 198.7425p
t>
File: content/2-background/images/vietoris-rips.pdf Graphic file (type pdf)
<use content/2-background/images/vietoris-rips.pdf>
Package pdftex.def Info: content/2-background/images/vietoris-rips.pdf  used on
 input line 16.
(pdftex.def)             Requested size: 318.66948pt x 212.37033pt.
[19 <./content/2-background/images/vietoris-rips.pdf>])
(content/2-background/2-complexes/3-graph-complexes.tex [20]

pdfTeX warning: pdflatex (file ./content/2-background/images/power-graph.pdf): 
PDF inclusion: found PDF version <1.7>, but at most version <1.5> allowed
<content/2-background/images/power-graph.pdf, id=645, 464.69609pt x 256.07669pt
>
File: content/2-background/images/power-graph.pdf Graphic file (type pdf)
<use content/2-background/images/power-graph.pdf>
Package pdftex.def Info: content/2-background/images/power-graph.pdf  used on i
nput line 38.
(pdftex.def)             Requested size: 364.19667pt x 200.69632pt.
[21]))) (content/3-complexity/main.tex [22 <./content/2-background/images/power
-graph.pdf>]
Chapter 3.
(content/3-complexity/1-modelling-computation/main.tex
(content/3-complexity/1-modelling-computation/1-computational-problems.tex
[23

]) (content/3-complexity/1-modelling-computation/2-turing-machines.tex

pdfTeX warning: pdflatex (file ./content/3-complexity/images/turing-machine.pdf
): PDF inclusion: found PDF version <1.7>, but at most version <1.5> allowed
<content/3-complexity/images/turing-machine.pdf, id=694, 348.34138pt x 74.1972p
t>
File: content/3-complexity/images/turing-machine.pdf Graphic file (type pdf)
<use content/3-complexity/images/turing-machine.pdf>
Package pdftex.def Info: content/3-complexity/images/turing-machine.pdf  used o
n input line 20.
(pdftex.def)             Requested size: 364.19667pt x 77.57988pt.
[24]

LaTeX Font Warning: Font shape `OT1/cmr/m/scit' undefined
(Font)              using `OT1/cmr/m/sc' instead on input line 38.

)) (content/3-complexity/2-computational-complexity/main.tex [25 <./content/3-c
omplexity/images/turing-machine.pdf>])) (content/4-comp-top/main.tex [26]
[27]
Chapter 4.
(content/4-comp-top/1-vietoris-rips/main.tex [28

]
(content/4-comp-top/1-vietoris-rips/1-skeleton-methods.tex
Package hyperref Info: bookmark level for unknown algorithm defaults to 0 on in
put line 33.
 [29] [30])
(content/4-comp-top/1-vietoris-rips/2-expansion-methods.tex [31])
(content/4-comp-top/1-vietoris-rips/3-comparison.tex [32]
<content/4-comp-top/images/1-skeleton-methods.pdf, id=802, 622.27795pt x 265.65
875pt>
File: content/4-comp-top/images/1-skeleton-methods.pdf Graphic file (type pdf)
<use content/4-comp-top/images/1-skeleton-methods.pdf>
Package pdftex.def Info: content/4-comp-top/images/1-skeleton-methods.pdf  used
 on input line 19.
(pdftex.def)             Requested size: 546.29153pt x 233.22507pt.
<content/4-comp-top/images/1-initial-expansion-methods.pdf, id=804, 631.37444pt
 x 267.02322pt>
File: content/4-comp-top/images/1-initial-expansion-methods.pdf Graphic file (t
ype pdf)
<use content/4-comp-top/images/1-initial-expansion-methods.pdf>
Package pdftex.def Info: content/4-comp-top/images/1-initial-expansion-methods.
pdf  used on input line 29.
(pdftex.def)             Requested size: 546.29153pt x 231.06154pt.
<content/4-comp-top/images/1-expansion-methods.pdf, id=806, 628.56708pt x 267.0
2322pt>
File: content/4-comp-top/images/1-expansion-methods.pdf Graphic file (type pdf)

<use content/4-comp-top/images/1-expansion-methods.pdf>
Package pdftex.def Info: content/4-comp-top/images/1-expansion-methods.pdf  use
d on input line 39.
(pdftex.def)             Requested size: 546.29153pt x 232.072pt.
))
(content/4-comp-top/2-persistent-homology/main.tex [33 <./content/4-comp-top/im
ages/1-skeleton-methods.pdf>] [34 <./content/4-comp-top/images/1-initial-expans
ion-methods.pdf> <./content/4-comp-top/images/1-expansion-methods.pdf

pdfTeX warning: pdflatex (file ./content/4-comp-top/images/1-expansion-methods.
pdf): PDF inclusion: multiple pdfs with page group included in a single page
>] (content/4-comp-top/2-persistent-homology/1-standard-algorithm.tex [35

]
Overfull \hbox (6.0004pt too wide) in paragraph at lines 12--13
[]\OT1/cmr/m/n/10.95 We con-sider the sim-pli-cial chain com-plex of $\OML/cmm/
m/it/10.95 K$ \OT1/cmr/m/n/10.95 with co-ef-fi-cients in $\U/msb/m/n/10.95 F[]$
\OT1/cmr/m/n/10.95 : $\OML/cmm/m/it/10.95 C\OT1/cmr/m/n/10.95 (\OML/cmm/m/it/10
.95 K\OT1/cmr/m/n/10.95 ; \U/msb/m/n/10.95 F[]\OT1/cmr/m/n/10.95 ) = \OMS/cmsy/
m/n/10.95 f\OT1/cmr/m/n/10.95 ([]\OML/cmm/m/it/10.95 ; @[]\OT1/cmr/m/n/10.95 )\
OMS/cmsy/m/n/10.95 g[]$\OT1/cmr/m/n/10.95 .
 []



pdfTeX warning: pdflatex (file ./content/4-comp-top/images/boundary-ex.pdf): PD
F inclusion: found PDF version <1.7>, but at most version <1.5> allowed
<content/4-comp-top/images/boundary-ex.pdf, id=957, 232.9503pt x 234.8775pt>
File: content/4-comp-top/images/boundary-ex.pdf Graphic file (type pdf)
<use content/4-comp-top/images/boundary-ex.pdf>
Package pdftex.def Info: content/4-comp-top/images/boundary-ex.pdf  used on inp
ut line 23.
(pdftex.def)             Requested size: 227.62206pt x 229.51535pt.
[36 <./content/4-comp-top/images/boundary-ex.pdf>] [37])
(content/4-comp-top/2-persistent-homology/2-sparse-matrix-representation.tex

pdfTeX warning: pdflatex (file ./content/4-comp-top/images/sparse-matrix-ex.pdf
): PDF inclusion: found PDF version <1.7>, but at most version <1.5> allowed
<content/4-comp-top/images/sparse-matrix-ex.pdf, id=990, 435.54718pt x 436.5108
pt>
File: content/4-comp-top/images/sparse-matrix-ex.pdf Graphic file (type pdf)
<use content/4-comp-top/images/sparse-matrix-ex.pdf>
Package pdftex.def Info: content/4-comp-top/images/sparse-matrix-ex.pdf  used o
n input line 7.
(pdftex.def)             Requested size: 318.66948pt x 319.38289pt.


pdfTeX warning: pdflatex (file ./content/4-comp-top/images/sparse-representatio
n-ex.pdf): PDF inclusion: found PDF version <1.7>, but at most version <1.5> al
lowed
<content/4-comp-top/images/sparse-representation-ex.pdf, id=992, 406.3983pt x 2
34.8775pt>
File: content/4-comp-top/images/sparse-representation-ex.pdf Graphic file (type
 pdf)
<use content/4-comp-top/images/sparse-representation-ex.pdf>
Package pdftex.def Info: content/4-comp-top/images/sparse-representation-ex.pdf
  used on input line 16.
(pdftex.def)             Requested size: 409.71692pt x 236.80507pt.
<content/4-comp-top/images/2-1v2-compute.pdf, id=996, 579.64995pt x 265.65875pt
>
File: content/4-comp-top/images/2-1v2-compute.pdf Graphic file (type pdf)
<use content/4-comp-top/images/2-1v2-compute.pdf>
Package pdftex.def Info: content/4-comp-top/images/2-1v2-compute.pdf  used on i
nput line 35.
(pdftex.def)             Requested size: 546.29153pt x 250.37999pt.
[38] [39 <./content/4-comp-top/images/sparse-matrix-ex.pdf> <./content/4-comp-t
op/images/sparse-representation-ex.pdf>]
<content/4-comp-top/images/2-1v2-load.pdf, id=1039, 588.07204pt x 265.65875pt>
File: content/4-comp-top/images/2-1v2-load.pdf Graphic file (type pdf)
<use content/4-comp-top/images/2-1v2-load.pdf>
Package pdftex.def Info: content/4-comp-top/images/2-1v2-load.pdf  used on inpu
t line 43.
(pdftex.def)             Requested size: 546.29153pt x 246.78442pt.
<content/4-comp-top/images/2-1v2-circ-compute.pdf, id=1041, 588.07204pt x 265.6
5875pt>
File: content/4-comp-top/images/2-1v2-circ-compute.pdf Graphic file (type pdf)
<use content/4-comp-top/images/2-1v2-circ-compute.pdf>
Package pdftex.def Info: content/4-comp-top/images/2-1v2-circ-compute.pdf  used
 on input line 55.
(pdftex.def)             Requested size: 546.29153pt x 246.78442pt.
)
(content/4-comp-top/2-persistent-homology/3-reduction-by-killing.tex [40 <./con
tent/4-comp-top/images/2-1v2-compute.pdf>] [41 <./content/4-comp-top/images/2-1
v2-load.pdf> <./content/4-comp-top/images/2-1v2-circ-compute.pdf

pdfTeX warning: pdflatex (file ./content/4-comp-top/images/2-1v2-circ-compute.p
df): PDF inclusion: multiple pdfs with page group included in a single page
>]
<content/4-comp-top/images/2-2v3-circ-compute.pdf, id=1170, 574.03522pt x 265.6
5875pt>
File: content/4-comp-top/images/2-2v3-circ-compute.pdf Graphic file (type pdf)
<use content/4-comp-top/images/2-2v3-circ-compute.pdf>
Package pdftex.def Info: content/4-comp-top/images/2-2v3-circ-compute.pdf  used
 on input line 74.
(pdftex.def)             Requested size: 546.29153pt x 252.83243pt.
) (content/4-comp-top/2-persistent-homology/4-cohomology.tex [42] [43 <./conten
t/4-comp-top/images/2-2v3-circ-compute.pdf>]
<content/4-comp-top/images/2-3v4-circ-compute.pdf, id=1222, 588.07204pt x 265.6
5875pt>
File: content/4-comp-top/images/2-3v4-circ-compute.pdf Graphic file (type pdf)
<use content/4-comp-top/images/2-3v4-circ-compute.pdf>
Package pdftex.def Info: content/4-comp-top/images/2-3v4-circ-compute.pdf  used
 on input line 36.
(pdftex.def)             Requested size: 546.29153pt x 246.78442pt.
)))
(content/5-applications/main.tex [44] [45 <./content/4-comp-top/images/2-3v4-ci
rc-compute.pdf>]
Chapter 5.
(content/5-applications/1-information-networks/main.tex
(content/5-applications/1-information-networks/1-betti-complexity.tex [46

])
(content/5-applications/1-information-networks/2-infectious-disease.tex
<content/5-applications/images/disease-model-no-vaccine.pdf, id=1289, 598.45457
pt x 265.65875pt>
File: content/5-applications/images/disease-model-no-vaccine.pdf Graphic file (
type pdf)
<use content/5-applications/images/disease-model-no-vaccine.pdf>
Package pdftex.def Info: content/5-applications/images/disease-model-no-vaccine
.pdf  used on input line 23.
(pdftex.def)             Requested size: 546.29153pt x 242.50786pt.
<content/5-applications/images/disease-model-vaccine.pdf, id=1290, 598.45457pt 
x 265.65875pt>
File: content/5-applications/images/disease-model-vaccine.pdf Graphic file (typ
e pdf)
<use content/5-applications/images/disease-model-vaccine.pdf>
Package pdftex.def Info: content/5-applications/images/disease-model-vaccine.pd
f  used on input line 31.
(pdftex.def)             Requested size: 546.29153pt x 242.50786pt.

[47] [48 <./content/5-applications/images/disease-model-no-vaccine.pdf> <./cont
ent/5-applications/images/disease-model-vaccine.pdf

pdfTeX warning: pdflatex (file ./content/5-applications/images/disease-model-va
ccine.pdf): PDF inclusion: multiple pdfs with page group included in a single p
age
>]
<content/5-applications/images/watts-strogatz.pdf, id=1365, 578.16pt x 433.62pt
>
File: content/5-applications/images/watts-strogatz.pdf Graphic file (type pdf)
<use content/5-applications/images/watts-strogatz.pdf>
Package pdftex.def Info: content/5-applications/images/watts-strogatz.pdf  used
 on input line 53.
(pdftex.def)             Requested size: 318.66948pt x 239.0012pt.

Underfull \hbox (badness 3148) in paragraph at lines 54--54
[]\OT1/cmr/m/n/10.95 Figure 5.1.3: |An ex-am-ple of a Watts-Strogatz graph, $[]
(20\OML/cmm/m/it/10.95 ; \OT1/cmr/m/n/10.95 4\OML/cmm/m/it/10.95 ; \OT1/cmr/m/n
/10.95 0\OML/cmm/m/it/10.95 :\OT1/cmr/m/n/10.95 2)$. By Arpad
 []


Underfull \hbox (badness 1845) in paragraph at lines 54--54
\OT1/cmr/m/n/10.95 Hor-vath - This W3C-unspecified plot was cre-ated with Mat-p
lotlib., CC BY-SA 3.0,
 []

[49 <./content/5-applications/images/watts-strogatz.pdf>]))
(content/5-applications/2-cyclomatic-complexity/main.tex [50]

pdfTeX warning: pdflatex (file ./content/5-applications/images/control-flow-ex-
1.pdf): PDF inclusion: found PDF version <1.7>, but at most version <1.5> allow
ed
<content/5-applications/images/control-flow-ex-1.pdf, id=1579, 74.1972pt x 133.
45859pt>
File: content/5-applications/images/control-flow-ex-1.pdf Graphic file (type pd
f)
<use content/5-applications/images/control-flow-ex-1.pdf>
Package pdftex.def Info: content/5-applications/images/control-flow-ex-1.pdf  u
sed on input line 70.
(pdftex.def)             Requested size: 74.197pt x 133.45825pt.


pdfTeX warning: pdflatex (file ./content/5-applications/images/control-flow-ex-
2.pdf): PDF inclusion: found PDF version <1.7>, but at most version <1.5> allow
ed
<content/5-applications/images/control-flow-ex-2.pdf, id=1580, 31.0761pt x 133.
45859pt>
File: content/5-applications/images/control-flow-ex-2.pdf Graphic file (type pd
f)
<use content/5-applications/images/control-flow-ex-2.pdf>
Package pdftex.def Info: content/5-applications/images/control-flow-ex-2.pdf  u
sed on input line 70.
(pdftex.def)             Requested size: 31.076pt x 133.45825pt.


pdfTeX warning: pdflatex (file ./content/5-applications/images/control-flow-ex-
3.pdf): PDF inclusion: found PDF version <1.7>, but at most version <1.5> allow
ed
<content/5-applications/images/control-flow-ex-3.pdf, id=1581, 96.36pt x 133.45
859pt>
File: content/5-applications/images/control-flow-ex-3.pdf Graphic file (type pd
f)
<use content/5-applications/images/control-flow-ex-3.pdf>
Package pdftex.def Info: content/5-applications/images/control-flow-ex-3.pdf  u
sed on input line 70.
(pdftex.def)             Requested size: 96.35974pt x 133.45825pt.
[51 <./content/5-applications/images/control-flow-ex-1.pdf> <./content/5-applic
ations/images/control-flow-ex-2.pdf> <./content/5-applications/images/control-f
low-ex-3.pdf>]
File: content/5-applications/images/control-flow-ex-3.pdf Graphic file (type pd
f)
<use content/5-applications/images/control-flow-ex-3.pdf>
Package pdftex.def Info: content/5-applications/images/control-flow-ex-3.pdf  u
sed on input line 140.
(pdftex.def)             Requested size: 96.35974pt x 133.45825pt.


pdfTeX warning: pdflatex (file ./content/5-applications/images/control-flow-ide
ntified.pdf): PDF inclusion: found PDF version <1.7>, but at most version <1.5>
 allowed
<content/5-applications/images/control-flow-identified.pdf, id=1612, 96.36pt x 
75.40169pt>
File: content/5-applications/images/control-flow-identified.pdf Graphic file (t
ype pdf)
<use content/5-applications/images/control-flow-identified.pdf>
Package pdftex.def Info: content/5-applications/images/control-flow-identified.
pdf  used on input line 140.
(pdftex.def)             Requested size: 96.35974pt x 75.40149pt.
)) (content/6-conclusion/main.tex [52] [53 <./content/5-applications/images/con
trol-flow-identified.pdf>]
Chapter 6.
[54

]
Overfull \hbox (3.29106pt too wide) in paragraph at lines 18--19
[]\OT1/cmr/m/n/10.95 Substantial re-search has
 []


Overfull \hbox (5.02328pt too wide) in paragraph at lines 20--21
[]\OT1/cmr/m/n/10.95 Huntsman [[]23[]] posed the
 []


Overfull \hbox (18.07565pt too wide) in paragraph at lines 21--22
[]
 []


Overfull \hbox (0.88367pt too wide) in paragraph at lines 30--31
[]\OT1/cmr/m/n/10.95 For those in-ter-ested in more the-o-ret-i-cal study, a su
b-stan-tial amount
 []

) [55] [56

] (content/appendices/main.tex [57] [58


]
(content/appendices/1-topology/main.tex
Appendix A.
[59

] [60]) (content/appendices/2-indepth-complexity/main.tex [61]
Appendix B.
(content/appendices/2-indepth-complexity/1-problems.tex [62

])
(content/appendices/2-indepth-complexity/2-turing-machines.tex [63]
File: content/3-complexity/images/turing-machine.pdf Graphic file (type pdf)
<use content/3-complexity/images/turing-machine.pdf>
Package pdftex.def Info: content/3-complexity/images/turing-machine.pdf  used o
n input line 14.
(pdftex.def)             Requested size: 364.19667pt x 77.57988pt.
 [64]
[65] [66]

LaTeX Font Warning: Font shape `OT1/cmr/m/scit' undefined
(Font)              using `OT1/cmr/m/sc' instead on input line 134.

) (content/appendices/2-indepth-complexity/3-complexity.tex [67] [68]))
(content/appendices/3-code/main.tex [69]
Appendix C.
(content/appendices/3-code/1-simplex.tex
\openout4 = `main.pyg'.

 (out/_minted-main/default.pygstyle)
(out/_minted-main/07387D3BC0BB5CF6AEC8AD91FC5FC70C303C9E470B6D8D846FDAB31F70A69
B4E.pygtex
LaTeX Font Info:    Font shape `OT1/cmtt/bx/n' in size <9> not available
(Font)              Font shape `OT1/cmtt/m/n' tried instead on input line 2.
) [70

]
Underfull \vbox (badness 10000) detected at line 82
 []


Underfull \vbox (badness 10000) detected at line 82
 []

[71]
\openout4 = `main.pyg'.


(out/_minted-main/12C74AE9CE0DC7F6471CB75BF1D2D391303C9E470B6D8D846FDAB31F70A69
B4E.pygtex) [72]
\openout4 = `main.pyg'.


(out/_minted-main/6C3C5E1063FD69B5FC06DB01779E731A303C9E470B6D8D846FDAB31F70A69
B4E.pygtex) [73]
Underfull \vbox (badness 10000) detected at line 272
 []


Underfull \vbox (badness 10000) detected at line 272
 []

[74]) (content/appendices/3-code/2-vietoris-rips.tex
\openout4 = `main.pyg'.


(out/_minted-main/06D853E8A7E3DF6CB31CD341B95D41CA303C9E470B6D8D846FDAB31F70A69
B4E.pygtex) [75]
\openout4 = `main.pyg'.


(out/_minted-main/5142BFB83E40FD3903E1974335C95FD1303C9E470B6D8D846FDAB31F70A69
B4E.pygtex)
\openout4 = `main.pyg'.


(out/_minted-main/654B4641747BE36A3A1BBFD3386A79F6303C9E470B6D8D846FDAB31F70A69
B4E.pygtex) [76]
\openout4 = `main.pyg'.


(out/_minted-main/1F68C82E0035BB299949189392F0240D303C9E470B6D8D846FDAB31F70A69
B4E.pygtex)
\openout4 = `main.pyg'.


(out/_minted-main/61D9FB9EF168BF0F640E4D0F4185E38D303C9E470B6D8D846FDAB31F70A69
B4E.pygtex) [77]
\openout4 = `main.pyg'.


(out/_minted-main/11640956439335A3FD1B3D77134CFC97303C9E470B6D8D846FDAB31F70A69
B4E.pygtex) [78]) (content/appendices/3-code/3-pers_homology.tex
\openout4 = `main.pyg'.


(out/_minted-main/F62057451A972EE26933D280C93988E0303C9E470B6D8D846FDAB31F70A69
B4E.pygtex) [79]
\openout4 = `main.pyg'.

 [80]
(out/_minted-main/8EF150C827684708E35CD3CE4EA7C808303C9E470B6D8D846FDAB31F70A69
B4E.pygtex) [81]
\openout4 = `main.pyg'.


(out/_minted-main/38F998F2DEB7F87AEAB941040DB9DA7B303C9E470B6D8D846FDAB31F70A69
B4E.pygtex) [82]
\openout4 = `main.pyg'.

 [83]
(out/_minted-main/96405AC5CF0D892B4932FEB28D47F34E303C9E470B6D8D846FDAB31F70A69
B4E.pygtex)
Underfull \vbox (badness 10000) detected at line 304
 []


Underfull \vbox (badness 10000) detected at line 304
 []

[84]
\openout4 = `main.pyg'.


(out/_minted-main/AD47B8C3642FFEE31720C5D95FFB58E9303C9E470B6D8D846FDAB31F70A69
B4E.pygtex) [85]
Underfull \vbox (badness 10000) detected at line 406
 []


Underfull \vbox (badness 10000) detected at line 406
 []

[86]))) [87]
(D:\Projects\University\Assignments\Epiphany\Project\Report\out\main.aux)
Package rerunfilecheck Info: File `main.out' has not changed.
(rerunfilecheck)             Checksum: 2468CA149946921B28458E818C12F8B6;10678.
runsystem(del out\\main.pyg)...executed.

Package logreq Info: Writing requests to 'main.run.xml'.
\openout1 = `main.run.xml'.

 ) 
Here is how much of TeX's memory you used:
 42408 strings out of 478582
 897921 string characters out of 2844344
 1538678 words of memory out of 3000000
 59296 multiletter control sequences out of 15000+600000
 490675 words of font info for 106 fonts, out of 8000000 for 9000
 1141 hyphenation exceptions out of 8191
 104i,20n,120p,1615b,1960s stack positions out of 5000i,500n,10000p,200000b,80000s
 <C:\Users\napie\AppData\Local\MiKTeX\fonts/pk/ljfour/jknappen/ec/dpi600\tcrm
1095.pk><C:/Users/napie/AppData/Local/Programs/MiKTeX/fonts/type1/public/amsfon
ts/cm/cmbx10.pfb><C:/Users/napie/AppData/Local/Programs/MiKTeX/fonts/type1/publ
ic/amsfonts/cm/cmbx12.pfb><C:/Users/napie/AppData/Local/Programs/MiKTeX/fonts/t
ype1/public/amsfonts/cm/cmcsc10.pfb><C:/Users/napie/AppData/Local/Programs/MiKT
eX/fonts/type1/public/amsfonts/cm/cmex10.pfb><C:/Users/napie/AppData/Local/Prog
rams/MiKTeX/fonts/type1/public/amsfonts/cm/cmitt10.pfb><C:/Users/napie/AppData/
Local/Programs/MiKTeX/fonts/type1/public/amsfonts/cm/cmmi10.pfb><C:/Users/napie
/AppData/Local/Programs/MiKTeX/fonts/type1/public/amsfonts/cm/cmmi6.pfb><C:/Use
rs/napie/AppData/Local/Programs/MiKTeX/fonts/type1/public/amsfonts/cm/cmmi7.pfb
><C:/Users/napie/AppData/Local/Programs/MiKTeX/fonts/type1/public/amsfonts/cm/c
mmi8.pfb><C:/Users/napie/AppData/Local/Programs/MiKTeX/fonts/type1/public/amsfo
nts/cm/cmmib10.pfb><C:/Users/napie/AppData/Local/Programs/MiKTeX/fonts/type1/pu
blic/amsfonts/cm/cmr10.pfb><C:/Users/napie/AppData/Local/Programs/MiKTeX/fonts/
type1/public/amsfonts/cm/cmr12.pfb><C:/Users/napie/AppData/Local/Programs/MiKTe
X/fonts/type1/public/amsfonts/cm/cmr17.pfb><C:/Users/napie/AppData/Local/Progra
ms/MiKTeX/fonts/type1/public/amsfonts/cm/cmr5.pfb><C:/Users/napie/AppData/Local
/Programs/MiKTeX/fonts/type1/public/amsfonts/cm/cmr6.pfb><C:/Users/napie/AppDat
a/Local/Programs/MiKTeX/fonts/type1/public/amsfonts/cm/cmr7.pfb><C:/Users/napie
/AppData/Local/Programs/MiKTeX/fonts/type1/public/amsfonts/cm/cmr8.pfb><C:/User
s/napie/AppData/Local/Programs/MiKTeX/fonts/type1/public/amsfonts/cm/cmr9.pfb><
C:/Users/napie/AppData/Local/Programs/MiKTeX/fonts/type1/public/amsfonts/cm/cms
y10.pfb><C:/Users/napie/AppData/Local/Programs/MiKTeX/fonts/type1/public/amsfon
ts/cm/cmsy6.pfb><C:/Users/napie/AppData/Local/Programs/MiKTeX/fonts/type1/publi
c/amsfonts/cm/cmsy8.pfb><C:/Users/napie/AppData/Local/Programs/MiKTeX/fonts/typ
e1/public/amsfonts/cm/cmti10.pfb><C:/Users/napie/AppData/Local/Programs/MiKTeX/
fonts/type1/public/amsfonts/cm/cmti8.pfb><C:/Users/napie/AppData/Local/Programs
/MiKTeX/fonts/type1/public/amsfonts/cm/cmtt10.pfb><C:/Users/napie/AppData/Local
/Programs/MiKTeX/fonts/type1/public/amsfonts/cm/cmtt9.pfb><C:/Users/napie/AppDa
ta/Local/Programs/MiKTeX/fonts/type1/public/amsfonts/symbols/msam10.pfb><C:/Use
rs/napie/AppData/Local/Programs/MiKTeX/fonts/type1/public/amsfonts/symbols/msbm
10.pfb>
Output written on D:\Projects\University\Assignments\Epiphany\Project\Report\ou
t\main.pdf (91 pages, 1186043 bytes).
PDF statistics:
 2083 PDF objects out of 2487 (max. 8388607)
 470 named destinations out of 1000 (max. 500000)
 596 words of extra memory for PDF output out of 10000 (max. 10000000)

